2018/12/10 03:36:38.617 [D] [server.go:2741]  |            ::1|[42m 200 [0m|    775.956µs|   match|[44m GET     [0m /login/information   r:/login/information
2018/12/10 03:36:38.639 [D] [server.go:2741]  |            ::1|[43m 404 [0m|    215.711µs| nomatch|[44m GET     [0m /login/pages/welcome.html
2018/12/10 03:36:42.182 [D] [server.go:2741]  |            ::1|[43m 404 [0m|   2.349714ms| nomatch|[44m GET     [0m /login/pages/admin/cate.html
2018/12/10 03:36:43.261 [D] [server.go:2741]  |            ::1|[43m 404 [0m|    574.368µs| nomatch|[44m GET     [0m /login/pages/admin/role.html
2018/12/10 03:36:43.756 [D] [server.go:2741]  |            ::1|[43m 404 [0m|     579.36µs| nomatch|[44m GET     [0m /login/pages/admin/list.html
2018/12/10 03:36:56.339 [D] [server.go:2741]  |            ::1|[43m 404 [0m|    385.609µs| nomatch|[44m GET     [0m /login/pages/member/del.html
2018/12/10 03:36:57.539 [D] [server.go:2741]  |            ::1|[43m 404 [0m|    426.066µs| nomatch|[44m GET     [0m /login/pages/member/list.html
2018/12/10 03:37:03.455 [D] [server.go:2741]  |            ::1|[43m 404 [0m|    386.189µs| nomatch|[44m GET     [0m /login/pages/member/del.html
2018/12/10 03:37:11.843 [D] [server.go:2741]  |            ::1|[43m 404 [0m|    487.407µs| nomatch|[44m GET     [0m /  
2018/12/10 03:37:20.200 [D] [server.go:2741]  |            ::1|[43m 404 [0m|    446.406µs| nomatch|[44m GET     [0m /  
2018/12/10 03:37:20.781 [D] [server.go:2741]  |            ::1|[43m 404 [0m|    403.193µs| nomatch|[44m GET     [0m /  
2018/12/10 03:37:21.046 [D] [server.go:2741]  |            ::1|[43m 404 [0m|    625.381µs| nomatch|[44m GET     [0m /  
2018/12/10 03:37:21.292 [D] [server.go:2741]  |            ::1|[43m 404 [0m|    457.356µs| nomatch|[44m GET     [0m /  
2018/12/10 03:37:22.577 [D] [server.go:2741]  |            ::1|[43m 404 [0m|    165.554µs| nomatch|[44m GET     [0m /login/pages/member/list.html
2018/12/10 03:38:03.781 [I] [asm_amd64.s:1333]  http server Running on http://:9999
2018/12/10 03:38:55.530 [I] [asm_amd64.s:1333]  http server Running on http://:9999
2018/12/10 03:39:48.970 [I] [asm_amd64.s:1333]  http server Running on http://:9999
2018/12/10 03:39:54.835 [I] [asm_amd64.s:1333]  http server Running on http://:9999
2018/12/10 03:41:50.131 [I] [asm_amd64.s:1333]  http server Running on http://:9999
2018/12/10 03:42:07.890 [D] [server.go:2741]  |            ::1|[42m 200 [0m|   4.250166ms|   match|[44m GET     [0m /login   r:/login
2018/12/10 03:42:07.912 [D] [server.go:2741]  |            ::1|[42m 200 [0m|   3.506763ms| nomatch|[44m GET     [0m /captcha/Q3y5y9iVWvOBgVO.png
2018/12/10 03:44:37.025 [I] [asm_amd64.s:1333]  http server Running on http://:9999
2018/12/10 03:45:39.010 [I] [asm_amd64.s:1333]  http server Running on http://:9999
2018/12/10 03:56:47.207 [I] [asm_amd64.s:1333]  http server Running on http://:9999
2018/12/10 03:57:03.122 [I] [asm_amd64.s:1333]  http server Running on http://:9999
2018/12/10 04:03:15.165 [I] [asm_amd64.s:1333]  http server Running on http://:9999
2018/12/10 04:04:02.250 [I] [asm_amd64.s:1333]  http server Running on http://:9999
2018/12/10 04:06:10.285 [I] [asm_amd64.s:1333]  http server Running on http://:9999
2018/12/10 04:06:47.633 [D] [server.go:2741]  |            ::1|[47m 302 [0m|    268.088µs| nomatch|[44m GET     [0m /admin/login/information
2018/12/10 04:06:47.645 [D] [server.go:2741]  |            ::1|[42m 200 [0m|   5.871367ms|   match|[44m GET     [0m /login   r:/login
2018/12/10 04:06:47.677 [D] [server.go:2741]  |            ::1|[42m 200 [0m|   5.962623ms| nomatch|[44m GET     [0m /captcha/70ZwxVDau6o8xhP.png
2018/12/10 04:07:03.146 [I] [asm_amd64.s:1333]  http server Running on http://:9999
2018/12/10 04:07:10.153 [D] [server.go:2741]  |            ::1|[42m 200 [0m|   3.360949ms|   match|[44m GET     [0m /admins/login/information   r:admins/login/information
2018/12/10 04:07:10.225 [D] [server.go:2741]  |            ::1|[43m 404 [0m|    412.927µs| nomatch|[44m GET     [0m /admins/login/pages/welcome.html
2018/12/10 04:07:10.452 [D] [server.go:2741]  |            ::1|[43m 404 [0m|    233.516µs| nomatch|[44m GET     [0m /admins/login/pages/member/list.html
2018/12/10 04:07:52.874 [I] [asm_amd64.s:1333]  http server Running on http://:9999
2018/12/10 04:15:19.038 [I] [asm_amd64.s:1333]  http server Running on http://:9999
2018/12/10 04:16:40.008 [I] [asm_amd64.s:1333]  http server Running on http://:9999
2018/12/10 04:17:41.690 [I] [asm_amd64.s:1333]  http server Running on http://:9999
2018/12/10 04:17:47.551 [I] [asm_amd64.s:1333]  http server Running on http://:9999
2018/12/10 04:18:38.490 [I] [asm_amd64.s:1333]  http server Running on http://:9999
2018/12/10 04:19:00.907 [I] [asm_amd64.s:1333]  http server Running on http://:9999
2018/12/10 04:20:25.463 [I] [asm_amd64.s:1333]  http server Running on http://:9999
2018/12/10 04:20:41.099 [I] [asm_amd64.s:1333]  http server Running on http://:9999
2018/12/10 04:21:24.752 [I] [asm_amd64.s:1333]  http server Running on http://:9999
2018/12/10 04:21:27.744 [I] [asm_amd64.s:1333]  http server Running on http://:9999
2018/12/10 04:21:35.623 [I] [asm_amd64.s:1333]  http server Running on http://:9999
2018/12/10 04:22:07.252 [D] [server.go:2741]  |            ::1|[42m 200 [0m|   2.427278ms|   match|[44m GET     [0m /reception/login   r:reception/login
2018/12/10 04:22:07.296 [D] [server.go:2741]  |            ::1|[42m 200 [0m|   5.312265ms| nomatch|[44m GET     [0m /captcha/J6yUsRXEVDXXmfW.png
2018/12/10 04:23:12.885 [I] [asm_amd64.s:1333]  http server Running on http://:9999
2018/12/10 04:23:16.824 [I] [asm_amd64.s:1333]  http server Running on http://:9999
2018/12/10 04:23:21.070 [I] [asm_amd64.s:1333]  http server Running on http://:9999
2018/12/10 04:23:31.974 [I] [asm_amd64.s:1333]  http server Running on http://:9999
2018/12/10 04:48:50.677 [I] [asm_amd64.s:1333]  http server Running on http://:9999
2018/12/10 04:48:53.409 [I] [asm_amd64.s:1333]  http server Running on http://:9999
2018/12/10 04:51:29.385 [I] [asm_amd64.s:1333]  http server Running on http://:9999
2018/12/10 04:54:14.669 [I] [asm_amd64.s:1333]  http server Running on http://:9999
2018/12/10 04:54:16.567 [I] [asm_amd64.s:1333]  http server Running on http://:9999
2018/12/10 04:54:17.552 [I] [asm_amd64.s:1333]  http server Running on http://:9999
2018/12/10 04:54:45.801 [I] [asm_amd64.s:1333]  http server Running on http://:9999
2018/12/10 04:55:04.104 [I] [asm_amd64.s:1333]  http server Running on http://:9999
2018/12/10 04:55:13.391 [I] [asm_amd64.s:1333]  http server Running on http://:9999
2018/12/10 04:55:37.336 [D] [server.go:2741]  |            ::1|[43m 404 [0m|    958.135µs| nomatch|[44m GET     [0m /admins/admin/information
2018/12/10 04:55:50.469 [D] [server.go:2741]  |            ::1|[47m 302 [0m|    191.023µs| nomatch|[44m GET     [0m /admin/admin/information
2018/12/10 04:55:50.477 [D] [server.go:2741]  |            ::1|[42m 200 [0m|   1.891942ms|   match|[44m GET     [0m /reception/login   r:reception/login
2018/12/10 04:55:50.511 [D] [server.go:2741]  |            ::1|[42m 200 [0m|    6.12143ms| nomatch|[44m GET     [0m /captcha/8bre1tsOzMeRBhy.png
2018/12/10 04:56:08.697 [D] [server.go:2741]  |            ::1|[42m 200 [0m|    587.344µs|   match|[44m GET     [0m /static/layui/css/modules/layer/default/icon.png
2018/12/10 04:56:14.873 [D] [server.go:2741]  |            ::1|[42m 200 [0m|   2.656909ms| nomatch|[44m GET     [0m /captcha/8bre1tsOzMeRBhy.png
2018/12/10 04:56:16.358 [D] [server.go:2741]  |            ::1|[42m 200 [0m|   7.855524ms| nomatch|[44m GET     [0m /captcha/8bre1tsOzMeRBhy.png
2018/12/10 04:56:16.597 [D] [server.go:2741]  |            ::1|[42m 200 [0m|  11.237631ms| nomatch|[44m GET     [0m /captcha/8bre1tsOzMeRBhy.png
2018/12/10 04:56:16.942 [D] [server.go:2741]  |            ::1|[42m 200 [0m|  19.524492ms| nomatch|[44m GET     [0m /captcha/8bre1tsOzMeRBhy.png
2018/12/10 04:56:17.096 [D] [server.go:2741]  |            ::1|[42m 200 [0m|   9.485056ms| nomatch|[44m GET     [0m /captcha/8bre1tsOzMeRBhy.png
2018/12/10 04:56:18.422 [D] [server.go:2741]  |            ::1|[43m 404 [0m|    328.922µs| nomatch|[44m GET     [0m /reception/忘记密码.html
2018/12/10 04:56:23.507 [D] [server.go:2741]  |            ::1|[43m 404 [0m|    574.771µs| nomatch|[44m GET     [0m /  
2018/12/10 04:56:25.355 [D] [server.go:2741]  |            ::1|[43m 404 [0m|    384.099µs| nomatch|[44m GET     [0m /  
