2018/12/12 03:33:08.861 [I] [asm_amd64.s:1333]  http server Running on http://:9999
2018/12/12 03:34:22.366 [I] [asm_amd64.s:1333]  http server Running on http://:9999
2018/12/12 03:35:02.613 [I] [asm_amd64.s:1333]  http server Running on http://:9999
2018/12/12 03:35:04.732 [I] [asm_amd64.s:1333]  http server Running on http://:9999
2018/12/12 03:39:29.835 [I] [asm_amd64.s:1333]  http server Running on http://:9999
2018/12/12 03:40:08.930 [I] [asm_amd64.s:1333]  http server Running on http://:9999
2018/12/12 03:42:13.113 [I] [asm_amd64.s:1333]  http server Running on http://:9999
2018/12/12 03:42:55.005 [I] [asm_amd64.s:1333]  http server Running on http://:9999
2018/12/12 03:47:55.592 [I] [asm_amd64.s:1333]  http server Running on http://:9999
2018/12/12 03:48:30.073 [I] [asm_amd64.s:1333]  http server Running on http://:9999
2018/12/12 03:59:54.133 [I] [asm_amd64.s:1333]  http server Running on http://:9999
2018/12/12 04:00:53.626 [I] [asm_amd64.s:1333]  http server Running on http://:9999
2018/12/12 04:01:48.504 [I] [asm_amd64.s:1333]  http server Running on http://:9999
2018/12/12 04:02:17.536 [I] [asm_amd64.s:1333]  http server Running on http://:9999
2018/12/12 04:08:25.354 [I] [asm_amd64.s:1333]  http server Running on http://:9999
2018/12/12 04:20:10.332 [I] [asm_amd64.s:1333]  http server Running on http://:9999
2018/12/12 04:20:12.464 [I] [asm_amd64.s:1333]  http server Running on http://:9999
2018/12/12 04:20:20.149 [I] [asm_amd64.s:1333]  http server Running on http://:9999
2018/12/12 04:20:22.170 [I] [asm_amd64.s:1333]  http server Running on http://:9999
2018/12/12 04:21:08.594 [I] [asm_amd64.s:1333]  http server Running on http://:9999
2018/12/12 04:21:12.021 [I] [asm_amd64.s:1333]  http server Running on http://:9999
2018/12/12 04:21:29.392 [I] [asm_amd64.s:1333]  http server Running on http://:9999
2018/12/12 04:21:31.425 [I] [asm_amd64.s:1333]  http server Running on http://:9999
2018/12/12 04:22:59.813 [I] [asm_amd64.s:1333]  http server Running on http://:9999
2018/12/12 04:23:01.822 [I] [asm_amd64.s:1333]  http server Running on http://:9999
2018/12/12 04:23:38.927 [I] [asm_amd64.s:1333]  http server Running on http://:9999
2018/12/12 04:23:41.067 [I] [asm_amd64.s:1333]  http server Running on http://:9999
2018/12/12 04:24:24.313 [C] [asm_amd64.s:522]  the request url is  /reception/admins/information
2018/12/12 04:24:24.313 [C] [asm_amd64.s:522]  Handler crashed with error can't find templatefile in the path:views/informationcontroller/index.tpl
2018/12/12 04:24:24.313 [C] [asm_amd64.s:522]  /usr/lib/golang/src/runtime/asm_amd64.s:522
2018/12/12 04:24:24.313 [C] [asm_amd64.s:522]  /usr/lib/golang/src/runtime/panic.go:513
2018/12/12 04:24:24.314 [C] [asm_amd64.s:522]  /home/sunjifeng/go/src/github.com/astaxie/beego/template.go:75
2018/12/12 04:24:24.314 [C] [asm_amd64.s:522]  /home/sunjifeng/go/src/github.com/astaxie/beego/controller.go:283
2018/12/12 04:24:24.314 [C] [asm_amd64.s:522]  /home/sunjifeng/go/src/github.com/astaxie/beego/controller.go:234
2018/12/12 04:24:24.314 [C] [asm_amd64.s:522]  /home/sunjifeng/go/src/github.com/astaxie/beego/controller.go:214
2018/12/12 04:24:24.314 [C] [asm_amd64.s:522]  /home/sunjifeng/go/src/github.com/astaxie/beego/router.go:864
2018/12/12 04:24:24.314 [C] [asm_amd64.s:522]  /usr/lib/golang/src/net/http/server.go:2741
2018/12/12 04:24:24.314 [C] [asm_amd64.s:522]  /usr/lib/golang/src/net/http/server.go:1847
2018/12/12 04:24:24.314 [C] [asm_amd64.s:522]  /usr/lib/golang/src/runtime/asm_amd64.s:1333
2018/12/12 04:24:24.314 [server.go:2977]  [HTTP] http: multiple response.WriteHeader calls
2018/12/12 04:24:24.408 [D] [server.go:2741]  |            ::1|[43m 404 [0m|    2.16458ms| nomatch|[44m GET     [0m /favicon.ico
2018/12/12 04:24:36.723 [I] [asm_amd64.s:1333]  http server Running on http://:9999
2018/12/12 04:24:37.155 [D] [server.go:2741]  |            ::1|[42m 200 [0m|   1.313506ms|   match|[44m GET     [0m /reception/admins/information   r:reception/admins/information
2018/12/12 04:24:38.752 [I] [asm_amd64.s:1333]  http server Running on http://:9999
2018/12/12 04:25:16.934 [I] [asm_amd64.s:1333]  http server Running on http://:9999
2018/12/12 04:25:19.087 [I] [asm_amd64.s:1333]  http server Running on http://:9999
2018/12/12 04:25:30.628 [I] [asm_amd64.s:1333]  http server Running on http://:9999
2018/12/12 04:25:32.607 [I] [asm_amd64.s:1333]  http server Running on http://:9999
2018/12/12 04:26:14.616 [D] [server.go:2741]  |            ::1|[42m 200 [0m|   2.059952ms|   match|[44m GET     [0m /reception/admins/information   r:reception/admins/information
2018/12/12 04:26:32.460 [I] [asm_amd64.s:1333]  http server Running on http://:9999
2018/12/12 04:26:40.002 [D] [server.go:2741]  |            ::1|[42m 200 [0m|   1.122321ms|   match|[44m GET     [0m /reception/admins/information   r:reception/admins/information
2018/12/12 04:27:03.907 [I] [asm_amd64.s:1333]  http server Running on http://:9999
2018/12/12 04:27:05.927 [I] [asm_amd64.s:1333]  http server Running on http://:9999
2018/12/12 04:27:59.120 [I] [asm_amd64.s:1333]  http server Running on http://:9999
2018/12/12 04:28:01.359 [I] [asm_amd64.s:1333]  http server Running on http://:9999
2018/12/12 04:28:02.344 [C] [asm_amd64.s:522]  the request url is  /reception/admins/information
2018/12/12 04:28:02.344 [C] [asm_amd64.s:522]  Handler crashed with error reflect: reflect.Value.SetString using value obtained using unexported field
2018/12/12 04:28:02.344 [C] [asm_amd64.s:522]  /usr/lib/golang/src/runtime/asm_amd64.s:522
2018/12/12 04:28:02.344 [C] [asm_amd64.s:522]  /usr/lib/golang/src/runtime/panic.go:513
2018/12/12 04:28:02.344 [C] [asm_amd64.s:522]  /usr/lib/golang/src/reflect/value.go:231
2018/12/12 04:28:02.344 [C] [asm_amd64.s:522]  /usr/lib/golang/src/reflect/value.go:1581
2018/12/12 04:28:02.344 [C] [asm_amd64.s:522]  /home/sunjifeng/go/src/github.com/astaxie/beego/orm/orm_raw.go:103
2018/12/12 04:28:02.344 [C] [asm_amd64.s:522]  /home/sunjifeng/go/src/github.com/astaxie/beego/orm/orm_raw.go:516
2018/12/12 04:28:02.344 [C] [asm_amd64.s:522]  /home/sunjifeng/go/src/github.com/astaxie/beego/orm/orm_raw.go:522
2018/12/12 04:28:02.345 [C] [asm_amd64.s:522]  /home/sunjifeng/go/src/achievement/models/User.go:46
2018/12/12 04:28:02.345 [C] [asm_amd64.s:522]  /home/sunjifeng/go/src/achievement/reception/InformationController.go:19
2018/12/12 04:28:02.345 [C] [asm_amd64.s:522]  /usr/lib/golang/src/runtime/asm_amd64.s:522
2018/12/12 04:28:02.345 [C] [asm_amd64.s:522]  /usr/lib/golang/src/reflect/value.go:447
2018/12/12 04:28:02.345 [C] [asm_amd64.s:522]  /usr/lib/golang/src/reflect/value.go:308
2018/12/12 04:28:02.345 [C] [asm_amd64.s:522]  /home/sunjifeng/go/src/github.com/astaxie/beego/router.go:852
2018/12/12 04:28:02.345 [C] [asm_amd64.s:522]  /usr/lib/golang/src/net/http/server.go:2741
2018/12/12 04:28:02.345 [C] [asm_amd64.s:522]  /usr/lib/golang/src/net/http/server.go:1847
2018/12/12 04:28:02.345 [C] [asm_amd64.s:522]  /usr/lib/golang/src/runtime/asm_amd64.s:1333
2018/12/12 04:28:02.346 [server.go:2977]  [HTTP] http: multiple response.WriteHeader calls
2018/12/12 04:28:44.468 [I] [asm_amd64.s:1333]  http server Running on http://:9999
2018/12/12 04:28:46.522 [I] [asm_amd64.s:1333]  http server Running on http://:9999
2018/12/12 04:28:52.132 [I] [asm_amd64.s:1333]  http server Running on http://:9999
2018/12/12 04:28:55.141 [I] [asm_amd64.s:1333]  http server Running on http://:9999
2018/12/12 04:29:20.612 [D] [server.go:2741]  |            ::1|[43m 404 [0m|    273.268µs| nomatch|[44m GET     [0m /reception/admins/information
2018/12/12 04:29:22.307 [D] [server.go:2741]  |            ::1|[43m 404 [0m|    419.324µs| nomatch|[44m GET     [0m /reception/admins/information
2018/12/12 04:29:26.748 [D] [server.go:2741]  |            ::1|[42m 200 [0m|    2.52849ms|   match|[44m GET     [0m /reception/admin/information   r:reception/admin/information
2018/12/12 04:29:48.348 [I] [asm_amd64.s:1333]  http server Running on http://:9999
2018/12/12 04:29:50.101 [D] [server.go:2741]  |            ::1|[47m 302 [0m|    202.516µs| nomatch|[44m GET     [0m /reception/admin/information
2018/12/12 04:29:50.109 [D] [server.go:2741]  |            ::1|[42m 200 [0m|   1.485338ms|   match|[44m GET     [0m /reception/login   r:reception/login
2018/12/12 04:29:50.130 [D] [server.go:2741]  |            ::1|[42m 200 [0m|   3.618077ms| nomatch|[44m GET     [0m /captcha/Hyw0rF3F2dRkDaq.png
2018/12/12 04:29:50.130 [D] [server.go:2741]  |            ::1|[42m 200 [0m|   6.426394ms|   match|[44m GET     [0m /static/css/style.css
2018/12/12 04:29:50.132 [D] [server.go:2741]  |            ::1|[42m 200 [0m|   7.623057ms|   match|[44m GET     [0m /static/img/cat.jpeg
2018/12/12 04:29:50.132 [D] [server.go:2741]  |            ::1|[42m 200 [0m|   5.916471ms|   match|[44m GET     [0m /static/layui/layui.js
2018/12/12 04:29:50.133 [D] [server.go:2741]  |            ::1|[42m 200 [0m|   6.515321ms|   match|[44m GET     [0m /static/js/particles.min.js
2018/12/12 04:29:50.149 [D] [server.go:2741]  |            ::1|[42m 200 [0m|   1.503699ms|   match|[44m GET     [0m /static/img/bj.jpg
2018/12/12 04:29:50.175 [D] [server.go:2741]  |            ::1|[42m 200 [0m|    771.758µs|   match|[44m GET     [0m /static/layui/lay/modules/form.js
2018/12/12 04:29:50.302 [D] [server.go:2741]  |            ::1|[42m 200 [0m|    603.467µs|   match|[44m GET     [0m /static/layui/lay/modules/layer.js
2018/12/12 04:29:50.309 [D] [server.go:2741]  |            ::1|[42m 200 [0m|    595.816µs|   match|[44m GET     [0m /static/layui/css/modules/layer/default/layer.css
2018/12/12 04:29:50.310 [D] [server.go:2741]  |            ::1|[42m 200 [0m|   1.544943ms|   match|[44m GET     [0m /static/layui/lay/modules/jquery.js
2018/12/12 04:34:22.821 [D] [server.go:2741]  |            ::1|[42m 200 [0m|   5.544905ms| nomatch|[44m GET     [0m /captcha/Hyw0rF3F2dRkDaq.png
2018/12/12 04:34:30.790 [D] [server.go:2741]  |            ::1|[42m 200 [0m|   2.117329ms|   match|[46m POST    [0m /reception/login/judge   r:reception/login/judge
2018/12/12 04:34:30.838 [D] [server.go:2741]  |            ::1|[42m 200 [0m|   1.148584ms|   match|[44m GET     [0m /reception/admin/information   r:reception/admin/information
2018/12/12 04:35:21.599 [I] [asm_amd64.s:1333]  http server Running on http://:9999
2018/12/12 04:35:23.641 [I] [asm_amd64.s:1333]  http server Running on http://:9999
2018/12/12 04:35:28.091 [D] [server.go:2741]  |            ::1|[47m 302 [0m|    125.493µs| nomatch|[44m GET     [0m /reception/admin/information
2018/12/12 04:35:28.098 [D] [server.go:2741]  |            ::1|[42m 200 [0m|   1.652535ms|   match|[44m GET     [0m /reception/login   r:reception/login
2018/12/12 04:35:28.123 [D] [server.go:2741]  |            ::1|[42m 200 [0m|   3.569241ms| nomatch|[44m GET     [0m /captcha/64ze74pzRO42NY8.png
2018/12/12 04:35:29.924 [I] [asm_amd64.s:1333]  http server Running on http://:9999
2018/12/12 04:35:32.567 [I] [asm_amd64.s:1333]  http server Running on http://:9999
2018/12/12 04:36:03.829 [D] [server.go:2741]  |            ::1|[42m 200 [0m|    962.659µs|   match|[46m POST    [0m /reception/login/judge   r:reception/login/judge
2018/12/12 04:36:05.531 [D] [server.go:2741]  |            ::1|[42m 200 [0m|   9.493618ms| nomatch|[44m GET     [0m /captcha/64ze74pzRO42NY8.png
2018/12/12 04:36:20.438 [D] [server.go:2741]  |            ::1|[42m 200 [0m|   1.615281ms|   match|[46m POST    [0m /reception/login/judge   r:reception/login/judge
2018/12/12 04:36:20.463 [C] [asm_amd64.s:522]  the request url is  /reception/admin/information
2018/12/12 04:36:20.463 [C] [asm_amd64.s:522]  Handler crashed with error reflect: reflect.Value.SetString using value obtained using unexported field
2018/12/12 04:36:20.463 [C] [asm_amd64.s:522]  /usr/lib/golang/src/runtime/asm_amd64.s:522
2018/12/12 04:36:20.463 [C] [asm_amd64.s:522]  /usr/lib/golang/src/runtime/panic.go:513
2018/12/12 04:36:20.463 [C] [asm_amd64.s:522]  /usr/lib/golang/src/reflect/value.go:231
2018/12/12 04:36:20.463 [C] [asm_amd64.s:522]  /usr/lib/golang/src/reflect/value.go:1581
2018/12/12 04:36:20.463 [C] [asm_amd64.s:522]  /home/sunjifeng/go/src/github.com/astaxie/beego/orm/orm_raw.go:103
2018/12/12 04:36:20.463 [C] [asm_amd64.s:522]  /home/sunjifeng/go/src/github.com/astaxie/beego/orm/orm_raw.go:516
2018/12/12 04:36:20.463 [C] [asm_amd64.s:522]  /home/sunjifeng/go/src/github.com/astaxie/beego/orm/orm_raw.go:522
2018/12/12 04:36:20.464 [C] [asm_amd64.s:522]  /home/sunjifeng/go/src/achievement/models/User.go:46
2018/12/12 04:36:20.464 [C] [asm_amd64.s:522]  /home/sunjifeng/go/src/achievement/reception/InformationController.go:21
2018/12/12 04:36:20.464 [C] [asm_amd64.s:522]  /usr/lib/golang/src/runtime/asm_amd64.s:522
2018/12/12 04:36:20.464 [C] [asm_amd64.s:522]  /usr/lib/golang/src/reflect/value.go:447
2018/12/12 04:36:20.464 [C] [asm_amd64.s:522]  /usr/lib/golang/src/reflect/value.go:308
2018/12/12 04:36:20.464 [C] [asm_amd64.s:522]  /home/sunjifeng/go/src/github.com/astaxie/beego/router.go:852
2018/12/12 04:36:20.464 [C] [asm_amd64.s:522]  /usr/lib/golang/src/net/http/server.go:2741
2018/12/12 04:36:20.464 [C] [asm_amd64.s:522]  /usr/lib/golang/src/net/http/server.go:1847
2018/12/12 04:36:20.464 [C] [asm_amd64.s:522]  /usr/lib/golang/src/runtime/asm_amd64.s:1333
2018/12/12 04:36:20.464 [server.go:2977]  [HTTP] http: multiple response.WriteHeader calls
2018/12/12 04:38:56.232 [I] [asm_amd64.s:1333]  http server Running on http://:9999
2018/12/12 04:38:58.007 [D] [server.go:2741]  |            ::1|[47m 302 [0m|    187.338µs| nomatch|[44m GET     [0m /reception/admin/information
2018/12/12 04:38:58.026 [D] [server.go:2741]  |            ::1|[42m 200 [0m|   4.694009ms|   match|[44m GET     [0m /reception/login   r:reception/login
2018/12/12 04:38:58.084 [D] [server.go:2741]  |            ::1|[42m 200 [0m|  19.558947ms| nomatch|[44m GET     [0m /captcha/hMovth6GW40cyla.png
2018/12/12 04:39:50.429 [I] [asm_amd64.s:1333]  http server Running on http://:9999
2018/12/12 04:39:52.809 [I] [asm_amd64.s:1333]  http server Running on http://:9999
2018/12/12 04:39:58.149 [I] [asm_amd64.s:1333]  http server Running on http://:9999
2018/12/12 04:40:01.029 [I] [asm_amd64.s:1333]  http server Running on http://:9999
2018/12/12 04:40:10.449 [I] [asm_amd64.s:1333]  http server Running on http://:9999
2018/12/12 04:40:14.425 [I] [asm_amd64.s:1333]  http server Running on http://:9999
2018/12/12 04:40:18.121 [D] [server.go:2741]  |            ::1|[42m 200 [0m|   7.285414ms|   match|[44m GET     [0m /reception/admins/information   r:reception/admins/information
2018/12/12 04:42:21.471 [I] [asm_amd64.s:1333]  http server Running on http://:9999
2018/12/12 04:42:23.457 [I] [asm_amd64.s:1333]  http server Running on http://:9999
2018/12/12 04:52:17.611 [D] [server.go:2741]  |            ::1|[42m 200 [0m|   4.070223ms|   match|[44m GET     [0m /reception/admins/information   r:reception/admins/information
2018/12/12 04:52:18.710 [D] [server.go:2741]  |            ::1|[42m 200 [0m|   5.291372ms|   match|[44m GET     [0m /reception/admins/information   r:reception/admins/information
2018/12/12 04:52:19.364 [D] [server.go:2741]  |            ::1|[42m 200 [0m|   2.762842ms|   match|[44m GET     [0m /reception/admins/information   r:reception/admins/information
2018/12/12 04:52:55.610 [D] [server.go:2741]  |            ::1|[42m 200 [0m|   1.150895ms|   match|[44m GET     [0m /reception/admins/information   r:reception/admins/information
2018/12/12 04:52:55.806 [I] [asm_amd64.s:1333]  http server Running on http://:9999
2018/12/12 04:52:57.847 [I] [asm_amd64.s:1333]  http server Running on http://:9999
2018/12/12 04:52:58.760 [D] [server.go:2741]  |            ::1|[42m 200 [0m|    6.07402ms|   match|[44m GET     [0m /reception/admins/information   r:reception/admins/information
2018/12/12 04:53:00.191 [D] [server.go:2741]  |            ::1|[42m 200 [0m|   4.817841ms|   match|[44m GET     [0m /reception/admins/information   r:reception/admins/information
2018/12/12 04:55:45.519 [I] [asm_amd64.s:1333]  http server Running on http://:9999
2018/12/12 05:00:43.292 [I] [asm_amd64.s:1333]  http server Running on http://:9999
2018/12/12 05:02:05.713 [I] [asm_amd64.s:1333]  http server Running on http://:9999
2018/12/12 05:02:07.997 [I] [asm_amd64.s:1333]  http server Running on http://:9999
2018/12/12 05:02:09.069 [D] [server.go:2741]  |            ::1|[42m 200 [0m|   2.324133ms|   match|[44m GET     [0m /reception/admins/information   r:reception/admins/information
2018/12/12 05:04:17.796 [I] [asm_amd64.s:1333]  http server Running on http://:9999
2018/12/12 05:04:24.502 [D] [server.go:2741]  |            ::1|[42m 200 [0m|  11.267936ms|   match|[44m GET     [0m /reception/admins/information   r:reception/admins/information
2018/12/12 05:04:48.462 [I] [asm_amd64.s:1333]  http server Running on http://:9999
2018/12/12 05:04:52.163 [D] [server.go:2741]  |            ::1|[42m 200 [0m|   2.766152ms|   match|[44m GET     [0m /reception/admins/information   r:reception/admins/information
2018/12/12 05:04:53.281 [D] [server.go:2741]  |            ::1|[42m 200 [0m|     8.4576ms|   match|[44m GET     [0m /reception/admins/information   r:reception/admins/information
2018/12/12 05:04:53.870 [D] [server.go:2741]  |            ::1|[42m 200 [0m|   8.668875ms|   match|[44m GET     [0m /reception/admins/information   r:reception/admins/information
2018/12/12 05:05:06.806 [I] [asm_amd64.s:1333]  http server Running on http://:9999
2018/12/12 05:05:14.372 [D] [server.go:2741]  |            ::1|[42m 200 [0m|   3.516352ms|   match|[44m GET     [0m /reception/admins/information   r:reception/admins/information
2018/12/12 05:05:15.159 [I] [asm_amd64.s:1333]  http server Running on http://:9999
2018/12/12 05:05:15.956 [D] [server.go:2741]  |            ::1|[42m 200 [0m|   1.199241ms|   match|[44m GET     [0m /reception/admins/information   r:reception/admins/information
2018/12/12 05:06:34.609 [D] [server.go:2741]  |            ::1|[42m 200 [0m|    840.826µs|   match|[44m GET     [0m /reception/admins/information   r:reception/admins/information
2018/12/12 05:06:35.797 [I] [asm_amd64.s:1333]  http server Running on http://:9999
2018/12/12 05:06:38.629 [D] [server.go:2741]  |            ::1|[42m 200 [0m|   3.492702ms|   match|[44m GET     [0m /reception/admins/information   r:reception/admins/information
2018/12/12 05:07:40.361 [I] [asm_amd64.s:1333]  http server Running on http://:9999
2018/12/12 05:07:57.340 [I] [asm_amd64.s:1333]  http server Running on http://:9999
2018/12/12 05:07:59.724 [I] [asm_amd64.s:1333]  http server Running on http://:9999
2018/12/12 05:08:05.094 [D] [server.go:2741]  |            ::1|[42m 200 [0m|    967.428µs|   match|[44m GET     [0m /reception/admins/information   r:reception/admins/information
2018/12/12 05:08:05.894 [D] [server.go:2741]  |            ::1|[42m 200 [0m|   3.788292ms|   match|[44m GET     [0m /reception/admins/information   r:reception/admins/information
2018/12/12 05:08:07.297 [D] [server.go:2741]  |            ::1|[42m 200 [0m|   2.496069ms|   match|[44m GET     [0m /reception/admins/information   r:reception/admins/information
2018/12/12 05:08:54.472 [I] [asm_amd64.s:1333]  http server Running on http://:9999
2018/12/12 05:09:25.760 [I] [asm_amd64.s:1333]  http server Running on http://:9999
2018/12/12 05:10:46.941 [I] [asm_amd64.s:1333]  http server Running on http://:9999
2018/12/12 05:11:01.259 [I] [asm_amd64.s:1333]  http server Running on http://:9999
2018/12/12 05:11:19.509 [I] [asm_amd64.s:1333]  http server Running on http://:9999
2018/12/12 05:11:28.155 [I] [asm_amd64.s:1333]  http server Running on http://:9999
2018/12/12 05:11:35.112 [I] [asm_amd64.s:1333]  http server Running on http://:9999
2018/12/12 05:11:57.043 [I] [asm_amd64.s:1333]  http server Running on http://:9999
2018/12/12 05:12:00.532 [I] [asm_amd64.s:1333]  http server Running on http://:9999
2018/12/12 05:12:34.921 [D] [server.go:2741]  |            ::1|[42m 200 [0m|   1.537813ms|   match|[44m GET     [0m /reception/admins/information   r:reception/admins/information
2018/12/12 05:12:36.400 [D] [server.go:2741]  |            ::1|[42m 200 [0m|     988.63µs|   match|[44m GET     [0m /reception/admins/information   r:reception/admins/information
2018/12/12 05:12:36.914 [D] [server.go:2741]  |            ::1|[42m 200 [0m|   2.935943ms|   match|[44m GET     [0m /reception/admins/information   r:reception/admins/information
2018/12/12 05:13:25.729 [D] [server.go:2741]  |            ::1|[42m 200 [0m|   1.796062ms|   match|[44m GET     [0m /reception/admins/information   r:reception/admins/information
2018/12/12 05:15:01.787 [I] [asm_amd64.s:1333]  http server Running on http://:9999
2018/12/12 05:15:04.647 [I] [asm_amd64.s:1333]  http server Running on http://:9999
2018/12/12 05:15:08.904 [D] [server.go:2741]  |            ::1|[42m 200 [0m|    847.977µs|   match|[44m GET     [0m /reception/admins/information   r:reception/admins/information
2018/12/12 05:15:10.170 [D] [server.go:2741]  |            ::1|[42m 200 [0m|    789.898µs|   match|[44m GET     [0m /reception/admins/information   r:reception/admins/information
2018/12/12 05:15:14.145 [D] [server.go:2741]  |            ::1|[42m 200 [0m|   3.531655ms|   match|[44m GET     [0m /reception/admins/information   r:reception/admins/information
2018/12/12 05:15:17.598 [D] [server.go:2741]  |            ::1|[42m 200 [0m|    901.485µs|   match|[44m GET     [0m /reception/admins/information   r:reception/admins/information
2018/12/12 05:15:17.614 [D] [server.go:2741]  |            ::1|[43m 404 [0m|    140.227µs| nomatch|[44m GET     [0m /favicon.ico
2018/12/12 05:15:38.644 [D] [server.go:2741]  |            ::1|[42m 200 [0m|    1.02673ms|   match|[44m GET     [0m /reception/admins/information   r:reception/admins/information
2018/12/12 05:15:38.663 [D] [server.go:2741]  |            ::1|[43m 404 [0m|    207.095µs| nomatch|[44m GET     [0m /favicon.ico
2018/12/12 05:16:18.564 [I] [asm_amd64.s:1333]  http server Running on http://:9999
2018/12/12 05:16:20.697 [I] [asm_amd64.s:1333]  http server Running on http://:9999
2018/12/12 05:16:33.909 [I] [asm_amd64.s:1333]  http server Running on http://:9999
2018/12/12 05:16:35.983 [I] [asm_amd64.s:1333]  http server Running on http://:9999
2018/12/12 05:17:13.084 [D] [server.go:2741]  |            ::1|[42m 200 [0m|   3.245966ms|   match|[44m GET     [0m /reception/admins/information   r:reception/admins/information
2018/12/12 05:17:14.588 [D] [server.go:2741]  |            ::1|[42m 200 [0m|    922.097µs|   match|[44m GET     [0m /reception/admins/information   r:reception/admins/information
2018/12/12 05:17:52.865 [D] [server.go:2741]  |            ::1|[42m 200 [0m|   3.763422ms|   match|[44m GET     [0m /reception/admins/information   r:reception/admins/information
2018/12/12 05:17:53.196 [I] [asm_amd64.s:1333]  http server Running on http://:9999
2018/12/12 05:17:53.771 [D] [server.go:2741]  |            ::1|[42m 200 [0m|   3.314285ms|   match|[44m GET     [0m /reception/admins/information   r:reception/admins/information
2018/12/12 05:17:58.223 [D] [server.go:2741]  |            ::1|[42m 200 [0m|   2.787736ms|   match|[44m GET     [0m /reception/admins/information   r:reception/admins/information
2018/12/12 05:17:59.773 [D] [server.go:2741]  |            ::1|[42m 200 [0m|   2.291672ms|   match|[44m GET     [0m /reception/admins/information   r:reception/admins/information
2018/12/12 05:18:00.065 [D] [server.go:2741]  |            ::1|[42m 200 [0m|   3.055669ms|   match|[44m GET     [0m /reception/admins/information   r:reception/admins/information
2018/12/12 05:18:00.246 [D] [server.go:2741]  |            ::1|[42m 200 [0m|   6.004138ms|   match|[44m GET     [0m /reception/admins/information   r:reception/admins/information
2018/12/12 05:18:00.567 [D] [server.go:2741]  |            ::1|[42m 200 [0m|   2.818937ms|   match|[44m GET     [0m /reception/admins/information   r:reception/admins/information
2018/12/12 05:18:54.425 [I] [asm_amd64.s:1333]  http server Running on http://:9999
2018/12/12 05:19:01.365 [D] [server.go:2741]  |            ::1|[42m 200 [0m|   2.976561ms|   match|[44m GET     [0m /reception/admins/information   r:reception/admins/information
2018/12/12 05:24:06.733 [I] [asm_amd64.s:1333]  http server Running on http://:9999
2018/12/12 05:24:08.769 [I] [asm_amd64.s:1333]  http server Running on http://:9999
2018/12/12 05:24:24.961 [D] [server.go:2741]  |            ::1|[42m 200 [0m|   4.329754ms|   match|[44m GET     [0m /reception/admins/information   r:reception/admins/information
2018/12/12 05:26:57.853 [I] [asm_amd64.s:1333]  http server Running on http://:9999
2018/12/12 05:27:19.912 [I] [asm_amd64.s:1333]  http server Running on http://:9999
2018/12/12 05:27:48.947 [I] [asm_amd64.s:1333]  http server Running on http://:9999
2018/12/12 05:27:52.734 [D] [server.go:2741]  |            ::1|[42m 200 [0m|   1.035415ms|   match|[44m GET     [0m /reception/admins/information   r:reception/admins/information
2018/12/12 05:28:00.853 [D] [server.go:2741]  |            ::1|[42m 200 [0m|   1.337295ms|   match|[44m GET     [0m /reception/admins/information   r:reception/admins/information
2018/12/12 05:28:01.687 [I] [asm_amd64.s:1333]  http server Running on http://:9999
2018/12/12 05:28:03.231 [D] [server.go:2741]  |            ::1|[42m 200 [0m|   3.197368ms|   match|[44m GET     [0m /reception/admins/information   r:reception/admins/information
2018/12/12 05:28:25.824 [I] [asm_amd64.s:1333]  http server Running on http://:9999
2018/12/12 21:02:22.171 [I] [asm_amd64.s:1333]  http server Running on http://:9999
2018/12/12 21:08:47.839 [I] [asm_amd64.s:1333]  http server Running on http://:9999
2018/12/12 21:08:49.845 [I] [asm_amd64.s:1333]  http server Running on http://:9999
2018/12/12 21:10:03.252 [I] [asm_amd64.s:1333]  http server Running on http://:9999
2018/12/12 21:10:05.287 [I] [asm_amd64.s:1333]  http server Running on http://:9999
2018/12/12 21:12:15.941 [I] [asm_amd64.s:1333]  http server Running on http://:9999
2018/12/12 21:12:17.944 [I] [asm_amd64.s:1333]  http server Running on http://:9999
2018/12/12 21:17:55.836 [I] [asm_amd64.s:1333]  http server Running on http://:9999
2018/12/12 21:17:58.036 [I] [asm_amd64.s:1333]  http server Running on http://:9999
2018/12/12 21:18:12.893 [I] [asm_amd64.s:1333]  http server Running on http://:9999
2018/12/12 21:18:14.931 [I] [asm_amd64.s:1333]  http server Running on http://:9999
2018/12/12 21:20:34.956 [I] [asm_amd64.s:1333]  http server Running on http://:9999
2018/12/12 21:20:37.120 [I] [asm_amd64.s:1333]  http server Running on http://:9999
2018/12/12 21:20:47.671 [I] [asm_amd64.s:1333]  http server Running on http://:9999
2018/12/12 21:20:49.795 [I] [asm_amd64.s:1333]  http server Running on http://:9999
2018/12/12 21:23:37.445 [C] [asm_amd64.s:522]  the request url is  /reception/forget
2018/12/12 21:23:37.445 [C] [asm_amd64.s:522]  Handler crashed with error can't find templatefile in the path:views/forgetcontroller/index.tpl
2018/12/12 21:23:37.445 [C] [asm_amd64.s:522]  /usr/lib/golang/src/runtime/asm_amd64.s:522
2018/12/12 21:23:37.445 [C] [asm_amd64.s:522]  /usr/lib/golang/src/runtime/panic.go:513
2018/12/12 21:23:37.445 [C] [asm_amd64.s:522]  /home/sunjifeng/go/src/github.com/astaxie/beego/template.go:75
2018/12/12 21:23:37.445 [C] [asm_amd64.s:522]  /home/sunjifeng/go/src/github.com/astaxie/beego/controller.go:283
2018/12/12 21:23:37.445 [C] [asm_amd64.s:522]  /home/sunjifeng/go/src/github.com/astaxie/beego/controller.go:234
2018/12/12 21:23:37.445 [C] [asm_amd64.s:522]  /home/sunjifeng/go/src/github.com/astaxie/beego/controller.go:214
2018/12/12 21:23:37.445 [C] [asm_amd64.s:522]  /home/sunjifeng/go/src/github.com/astaxie/beego/router.go:864
2018/12/12 21:23:37.445 [C] [asm_amd64.s:522]  /usr/lib/golang/src/net/http/server.go:2741
2018/12/12 21:23:37.445 [C] [asm_amd64.s:522]  /usr/lib/golang/src/net/http/server.go:1847
2018/12/12 21:23:37.445 [C] [asm_amd64.s:522]  /usr/lib/golang/src/runtime/asm_amd64.s:1333
2018/12/12 21:23:37.446 [server.go:2977]  [HTTP] http: multiple response.WriteHeader calls
2018/12/12 21:23:37.519 [D] [server.go:2741]  |            ::1|[43m 404 [0m|      576.1µs| nomatch|[44m GET     [0m /favicon.ico
2018/12/12 21:24:44.146 [I] [asm_amd64.s:1333]  http server Running on http://:9999
2018/12/12 21:24:46.128 [I] [asm_amd64.s:1333]  http server Running on http://:9999
2018/12/12 21:25:37.687 [I] [asm_amd64.s:1333]  http server Running on http://:9999
2018/12/12 21:25:39.688 [I] [asm_amd64.s:1333]  http server Running on http://:9999
2018/12/12 21:26:40.535 [D] [server.go:2741]  |            ::1|[42m 200 [0m|1m0.794774742s|   match|[44m GET     [0m /reception/forget   r:reception/forget
2018/12/12 21:26:40.616 [D] [server.go:2741]  |            ::1|[42m 200 [0m|   5.681579ms|   match|[44m GET     [0m /static/css/font.css
2018/12/12 21:26:40.617 [D] [server.go:2741]  |            ::1|[42m 200 [0m|    6.08355ms|   match|[44m GET     [0m /static/css/weadmin.css
2018/12/12 21:26:40.618 [D] [server.go:2741]  |            ::1|[42m 200 [0m|   6.574549ms|   match|[44m GET     [0m /static/layui/layui.js
2018/12/12 21:26:40.626 [D] [server.go:2741]  |            ::1|[42m 200 [0m|    821.557µs|   match|[44m GET     [0m /static/layui/css/layui.css
2018/12/12 21:26:40.639 [D] [server.go:2741]  |            ::1|[42m 200 [0m|    514.973µs|   match|[44m GET     [0m /static/layui/lay/modules/form.js
2018/12/12 21:26:40.645 [D] [server.go:2741]  |            ::1|[42m 200 [0m|   1.419368ms|   match|[44m GET     [0m /static/img/bg.png
2018/12/12 21:26:40.648 [D] [server.go:2741]  |            ::1|[42m 200 [0m|    410.314µs|   match|[44m GET     [0m /static/img/aiwrap.png
2018/12/12 21:26:40.710 [D] [server.go:2741]  |            ::1|[42m 200 [0m|     766.25µs|   match|[44m GET     [0m /static/layui/lay/modules/layer.js
2018/12/12 21:26:40.719 [D] [server.go:2741]  |            ::1|[42m 200 [0m|    524.888µs|   match|[44m GET     [0m /static/layui/css/modules/layer/default/layer.css
2018/12/12 21:26:40.723 [D] [server.go:2741]  |            ::1|[42m 200 [0m|   4.351537ms|   match|[44m GET     [0m /static/layui/lay/modules/jquery.js
2018/12/12 21:26:40.757 [D] [server.go:2741]  |            ::1|[43m 404 [0m|    163.364µs| nomatch|[44m GET     [0m /reception/static/js/admin.js
2018/12/12 21:26:40.760 [D] [server.go:2741]  |            ::1|[42m 200 [0m|    395.297µs|   match|[44m GET     [0m /static/img/favicon.ico
2018/12/12 21:29:51.294 [D] [server.go:2741]  |            ::1|[43m 404 [0m|    160.942µs| nomatch|[44m GET     [0m /reception/static/js/admin.js
2018/12/12 21:30:53.161 [D] [server.go:2741]  |            ::1|[42m 200 [0m|1m0.799657426s|   match|[44m GET     [0m /reception/forget   r:reception/forget
2018/12/12 21:30:53.231 [D] [server.go:2741]  |            ::1|[43m 404 [0m|    229.261µs| nomatch|[44m GET     [0m /reception/static/js/admin.js
2018/12/12 21:30:53.233 [D] [server.go:2741]  |            ::1|[42m 200 [0m|     69.575µs|   match|[44m GET     [0m /static/img/favicon.ico
2018/12/12 21:34:53.813 [I] [asm_amd64.s:1333]  http server Running on http://:9999
2018/12/12 21:34:55.821 [I] [asm_amd64.s:1333]  http server Running on http://:9999
2018/12/12 21:37:20.656 [D] [server.go:2741]  |            ::1|[42m 200 [0m|1m0.990409256s|   match|[44m GET     [0m /reception/forget   r:reception/forget
2018/12/12 21:37:20.774 [D] [server.go:2741]  |            ::1|[43m 404 [0m|    180.745µs| nomatch|[44m GET     [0m /reception/static/js/admin.js
2018/12/12 21:37:20.777 [D] [server.go:2741]  |            ::1|[42m 200 [0m|     112.08µs|   match|[44m GET     [0m /static/img/favicon.ico
2018/12/12 21:42:24.781 [I] [asm_amd64.s:1333]  http server Running on http://:9999
2018/12/12 21:42:26.764 [I] [asm_amd64.s:1333]  http server Running on http://:9999
2018/12/12 21:42:31.586 [D] [server.go:2741]  |            ::1|[42m 200 [0m| 2.459629063s|   match|[44m GET     [0m /reception/forget   r:reception/forget
2018/12/12 21:42:31.726 [D] [server.go:2741]  |            ::1|[43m 404 [0m|    143.796µs| nomatch|[44m GET     [0m /reception/static/js/admin.js
2018/12/12 21:42:31.729 [D] [server.go:2741]  |            ::1|[42m 200 [0m|    127.334µs|   match|[44m GET     [0m /static/img/favicon.ico
2018/12/12 21:43:53.225 [D] [server.go:2741]  |            ::1|[42m 200 [0m| 2.410617382s|   match|[44m GET     [0m /reception/forget   r:reception/forget
2018/12/12 21:43:53.265 [D] [server.go:2741]  |            ::1|[42m 200 [0m|    128.105µs|   match|[44m GET     [0m /static/css/font.css
2018/12/12 21:43:53.266 [D] [server.go:2741]  |            ::1|[42m 200 [0m|    225.319µs|   match|[44m GET     [0m /static/layui/layui.js
2018/12/12 21:43:53.266 [D] [server.go:2741]  |            ::1|[42m 200 [0m|    491.084µs|   match|[44m GET     [0m /static/css/weadmin.css
2018/12/12 21:43:53.285 [D] [server.go:2741]  |            ::1|[42m 200 [0m|    212.938µs|   match|[44m GET     [0m /static/layui/css/layui.css
2018/12/12 21:43:53.306 [D] [server.go:2741]  |            ::1|[42m 200 [0m|    168.356µs|   match|[44m GET     [0m /static/layui/lay/modules/form.js
2018/12/12 21:43:53.308 [D] [server.go:2741]  |            ::1|[42m 200 [0m|    173.745µs|   match|[44m GET     [0m /static/img/bg.png
2018/12/12 21:43:53.308 [D] [server.go:2741]  |            ::1|[42m 200 [0m|    147.678µs|   match|[44m GET     [0m /static/img/aiwrap.png
2018/12/12 21:43:53.345 [D] [server.go:2741]  |            ::1|[42m 200 [0m|   2.942363ms|   match|[44m GET     [0m /static/layui/lay/modules/layer.js
2018/12/12 21:43:53.362 [D] [server.go:2741]  |            ::1|[42m 200 [0m|    163.944µs|   match|[44m GET     [0m /static/layui/css/modules/layer/default/layer.css
2018/12/12 21:43:53.362 [D] [server.go:2741]  |            ::1|[42m 200 [0m|    206.098µs|   match|[44m GET     [0m /static/layui/lay/modules/jquery.js
2018/12/12 21:43:53.409 [D] [server.go:2741]  |            ::1|[42m 200 [0m|     91.932µs|   match|[44m GET     [0m /static/img/favicon.ico
2018/12/12 21:43:53.409 [D] [server.go:2741]  |            ::1|[43m 404 [0m|    180.187µs| nomatch|[44m GET     [0m /reception/static/js/admin.js
2018/12/12 22:04:59.479 [I] [asm_amd64.s:1333]  http server Running on http://:9999
2018/12/12 22:05:01.612 [I] [asm_amd64.s:1333]  http server Running on http://:9999
2018/12/12 22:08:29.422 [I] [asm_amd64.s:1333]  http server Running on http://:9999
2018/12/12 22:08:31.448 [I] [asm_amd64.s:1333]  http server Running on http://:9999
2018/12/12 22:08:32.847 [D] [server.go:2741]  |            ::1|[47m 302 [0m|     82.772µs| nomatch|[44m GET     [0m /reception/admin/information
2018/12/12 22:08:32.854 [D] [server.go:2741]  |            ::1|[42m 200 [0m|    781.539µs|   match|[44m GET     [0m /reception/login   r:reception/login
2018/12/12 22:08:32.876 [D] [server.go:2741]  |            ::1|[42m 200 [0m|    392.073µs|   match|[44m GET     [0m /static/css/style.css
2018/12/12 22:08:32.879 [D] [server.go:2741]  |            ::1|[42m 200 [0m|   2.460487ms|   match|[44m GET     [0m /static/img/cat.jpeg
2018/12/12 22:08:32.887 [D] [server.go:2741]  |            ::1|[42m 200 [0m|    534.954µs|   match|[44m GET     [0m /static/js/particles.min.js
2018/12/12 22:08:32.890 [D] [server.go:2741]  |            ::1|[42m 200 [0m|   3.147995ms| nomatch|[44m GET     [0m /captcha/NFG67msRylQ9ss2.png
2018/12/12 22:08:32.910 [D] [server.go:2741]  |            ::1|[42m 200 [0m|   1.351059ms|   match|[44m GET     [0m /static/img/bj.jpg
2018/12/12 22:08:33.116 [D] [server.go:2741]  |            ::1|[43m 404 [0m|    204.629µs| nomatch|[44m GET     [0m /favicon.ico
2018/12/12 22:11:27.696 [I] [asm_amd64.s:1333]  http server Running on http://:9999
2018/12/12 22:11:29.858 [I] [asm_amd64.s:1333]  http server Running on http://:9999
2018/12/12 22:11:45.827 [I] [asm_amd64.s:1333]  http server Running on http://:9999
2018/12/12 22:11:57.599 [I] [asm_amd64.s:1333]  http server Running on http://:9999
2018/12/12 22:11:58.592 [I] [asm_amd64.s:1333]  http server Running on http://:9999
2018/12/12 22:12:01.932 [I] [asm_amd64.s:1333]  http server Running on http://:9999
2018/12/12 22:14:53.847 [I] [asm_amd64.s:1333]  http server Running on http://:9999
2018/12/12 22:15:04.733 [I] [asm_amd64.s:1333]  http server Running on http://:9999
2018/12/12 22:15:36.006 [I] [asm_amd64.s:1333]  http server Running on http://:9999
2018/12/12 22:15:47.620 [I] [asm_amd64.s:1333]  http server Running on http://:9999
2018/12/12 22:19:37.119 [I] [asm_amd64.s:1333]  http server Running on http://:9999
2018/12/12 22:19:37.119 [C] [asm_amd64.s:1333]  ListenAndServe:  listen tcp :9999: bind: address already in use
2018/12/12 22:35:53.504 [I] [asm_amd64.s:1333]  http server Running on http://:9999
2018/12/12 22:35:54.468 [I] [asm_amd64.s:1333]  http server Running on http://:9999
2018/12/12 22:35:55.489 [I] [asm_amd64.s:1333]  http server Running on http://:9999
2018/12/12 23:04:43.699 [I] [asm_amd64.s:1333]  http server Running on http://:9999
2018/12/12 23:05:02.762 [I] [asm_amd64.s:1333]  http server Running on http://:9999
