2018/12/10 03:36:38.617 [D] [server.go:2741]  |            ::1|[42m 200 [0m|    775.956µs|   match|[44m GET     [0m /login/information   r:/login/information
2018/12/10 03:36:38.639 [D] [server.go:2741]  |            ::1|[43m 404 [0m|    215.711µs| nomatch|[44m GET     [0m /login/pages/welcome.html
2018/12/10 03:36:42.182 [D] [server.go:2741]  |            ::1|[43m 404 [0m|   2.349714ms| nomatch|[44m GET     [0m /login/pages/admin/cate.html
2018/12/10 03:36:43.261 [D] [server.go:2741]  |            ::1|[43m 404 [0m|    574.368µs| nomatch|[44m GET     [0m /login/pages/admin/role.html
2018/12/10 03:36:43.756 [D] [server.go:2741]  |            ::1|[43m 404 [0m|     579.36µs| nomatch|[44m GET     [0m /login/pages/admin/list.html
2018/12/10 03:36:56.339 [D] [server.go:2741]  |            ::1|[43m 404 [0m|    385.609µs| nomatch|[44m GET     [0m /login/pages/member/del.html
2018/12/10 03:36:57.539 [D] [server.go:2741]  |            ::1|[43m 404 [0m|    426.066µs| nomatch|[44m GET     [0m /login/pages/member/list.html
2018/12/10 03:37:03.455 [D] [server.go:2741]  |            ::1|[43m 404 [0m|    386.189µs| nomatch|[44m GET     [0m /login/pages/member/del.html
2018/12/10 03:37:11.843 [D] [server.go:2741]  |            ::1|[43m 404 [0m|    487.407µs| nomatch|[44m GET     [0m /  
2018/12/10 03:37:20.200 [D] [server.go:2741]  |            ::1|[43m 404 [0m|    446.406µs| nomatch|[44m GET     [0m /  
2018/12/10 03:37:20.781 [D] [server.go:2741]  |            ::1|[43m 404 [0m|    403.193µs| nomatch|[44m GET     [0m /  
2018/12/10 03:37:21.046 [D] [server.go:2741]  |            ::1|[43m 404 [0m|    625.381µs| nomatch|[44m GET     [0m /  
2018/12/10 03:37:21.292 [D] [server.go:2741]  |            ::1|[43m 404 [0m|    457.356µs| nomatch|[44m GET     [0m /  
2018/12/10 03:37:22.577 [D] [server.go:2741]  |            ::1|[43m 404 [0m|    165.554µs| nomatch|[44m GET     [0m /login/pages/member/list.html
2018/12/10 03:38:03.781 [I] [asm_amd64.s:1333]  http server Running on http://:9999
2018/12/10 03:38:55.530 [I] [asm_amd64.s:1333]  http server Running on http://:9999
2018/12/10 03:39:48.970 [I] [asm_amd64.s:1333]  http server Running on http://:9999
2018/12/10 03:39:54.835 [I] [asm_amd64.s:1333]  http server Running on http://:9999
2018/12/10 03:41:50.131 [I] [asm_amd64.s:1333]  http server Running on http://:9999
2018/12/10 03:42:07.890 [D] [server.go:2741]  |            ::1|[42m 200 [0m|   4.250166ms|   match|[44m GET     [0m /login   r:/login
2018/12/10 03:42:07.912 [D] [server.go:2741]  |            ::1|[42m 200 [0m|   3.506763ms| nomatch|[44m GET     [0m /captcha/Q3y5y9iVWvOBgVO.png
2018/12/10 03:44:37.025 [I] [asm_amd64.s:1333]  http server Running on http://:9999
2018/12/10 03:45:39.010 [I] [asm_amd64.s:1333]  http server Running on http://:9999
2018/12/10 03:56:47.207 [I] [asm_amd64.s:1333]  http server Running on http://:9999
2018/12/10 03:57:03.122 [I] [asm_amd64.s:1333]  http server Running on http://:9999
2018/12/10 04:03:15.165 [I] [asm_amd64.s:1333]  http server Running on http://:9999
2018/12/10 04:04:02.250 [I] [asm_amd64.s:1333]  http server Running on http://:9999
2018/12/10 04:06:10.285 [I] [asm_amd64.s:1333]  http server Running on http://:9999
2018/12/10 04:06:47.633 [D] [server.go:2741]  |            ::1|[47m 302 [0m|    268.088µs| nomatch|[44m GET     [0m /admin/login/information
2018/12/10 04:06:47.645 [D] [server.go:2741]  |            ::1|[42m 200 [0m|   5.871367ms|   match|[44m GET     [0m /login   r:/login
2018/12/10 04:06:47.677 [D] [server.go:2741]  |            ::1|[42m 200 [0m|   5.962623ms| nomatch|[44m GET     [0m /captcha/70ZwxVDau6o8xhP.png
2018/12/10 04:07:03.146 [I] [asm_amd64.s:1333]  http server Running on http://:9999
2018/12/10 04:07:10.153 [D] [server.go:2741]  |            ::1|[42m 200 [0m|   3.360949ms|   match|[44m GET     [0m /admins/login/information   r:admins/login/information
2018/12/10 04:07:10.225 [D] [server.go:2741]  |            ::1|[43m 404 [0m|    412.927µs| nomatch|[44m GET     [0m /admins/login/pages/welcome.html
2018/12/10 04:07:10.452 [D] [server.go:2741]  |            ::1|[43m 404 [0m|    233.516µs| nomatch|[44m GET     [0m /admins/login/pages/member/list.html
2018/12/10 04:07:52.874 [I] [asm_amd64.s:1333]  http server Running on http://:9999
2018/12/10 04:15:19.038 [I] [asm_amd64.s:1333]  http server Running on http://:9999
2018/12/10 04:16:40.008 [I] [asm_amd64.s:1333]  http server Running on http://:9999
2018/12/10 04:17:41.690 [I] [asm_amd64.s:1333]  http server Running on http://:9999
2018/12/10 04:17:47.551 [I] [asm_amd64.s:1333]  http server Running on http://:9999
2018/12/10 04:18:38.490 [I] [asm_amd64.s:1333]  http server Running on http://:9999
2018/12/10 04:19:00.907 [I] [asm_amd64.s:1333]  http server Running on http://:9999
2018/12/10 04:20:25.463 [I] [asm_amd64.s:1333]  http server Running on http://:9999
2018/12/10 04:20:41.099 [I] [asm_amd64.s:1333]  http server Running on http://:9999
2018/12/10 04:21:24.752 [I] [asm_amd64.s:1333]  http server Running on http://:9999
2018/12/10 04:21:27.744 [I] [asm_amd64.s:1333]  http server Running on http://:9999
2018/12/10 04:21:35.623 [I] [asm_amd64.s:1333]  http server Running on http://:9999
2018/12/10 04:22:07.252 [D] [server.go:2741]  |            ::1|[42m 200 [0m|   2.427278ms|   match|[44m GET     [0m /reception/login   r:reception/login
2018/12/10 04:22:07.296 [D] [server.go:2741]  |            ::1|[42m 200 [0m|   5.312265ms| nomatch|[44m GET     [0m /captcha/J6yUsRXEVDXXmfW.png
2018/12/10 04:23:12.885 [I] [asm_amd64.s:1333]  http server Running on http://:9999
2018/12/10 04:23:16.824 [I] [asm_amd64.s:1333]  http server Running on http://:9999
2018/12/10 04:23:21.070 [I] [asm_amd64.s:1333]  http server Running on http://:9999
2018/12/10 04:23:31.974 [I] [asm_amd64.s:1333]  http server Running on http://:9999
2018/12/10 17:39:21.423 [I] [asm_amd64.s:2337]  http server Running on http://:9999
2018/12/10 17:39:26.479 [I] [asm_amd64.s:2337]  http server Running on http://:9999
2018/12/10 17:47:33.811 [I] [asm_amd64.s:2337]  http server Running on http://:9999
2018/12/10 18:23:49.170 [I] [asm_amd64.s:2337]  http server Running on http://:9999
2018/12/10 18:23:54.843 [I] [asm_amd64.s:2337]  http server Running on http://:9999
2018/12/10 18:51:21.149 [I] [asm_amd64.s:2337]  http server Running on http://:9999
2018/12/10 18:51:25.678 [I] [asm_amd64.s:2337]  http server Running on http://:9999
2018/12/10 18:51:28.842 [I] [asm_amd64.s:2337]  http server Running on http://:9999
2018/12/10 18:59:14.850 [I] [asm_amd64.s:2337]  http server Running on http://:9999
2018/12/10 18:59:21.575 [I] [asm_amd64.s:2337]  http server Running on http://:9999
2018/12/10 18:59:31.482 [I] [asm_amd64.s:2337]  http server Running on http://:9999
2018/12/10 18:59:46.579 [I] [asm_amd64.s:2337]  http server Running on http://:9999
2018/12/10 18:59:50.148 [I] [asm_amd64.s:2337]  http server Running on http://:9999
2018/12/10 18:59:53.419 [I] [asm_amd64.s:2337]  http server Running on http://:9999
2018/12/10 19:00:22.246 [I] [asm_amd64.s:2337]  http server Running on http://:9999
2018/12/10 19:00:28.341 [I] [asm_amd64.s:2337]  http server Running on http://:9999
2018/12/10 19:28:41.427 [I] [asm_amd64.s:2337]  http server Running on http://:9999
2018/12/10 19:28:45.704 [I] [asm_amd64.s:2337]  http server Running on http://:9999
2018/12/10 19:28:48.995 [I] [asm_amd64.s:2337]  http server Running on http://:9999
2018/12/10 19:29:01.688 [I] [asm_amd64.s:2337]  http server Running on http://:9999
2018/12/10 19:29:07.234 [I] [asm_amd64.s:2337]  http server Running on http://:9999
2018/12/10 19:29:41.193 [I] [asm_amd64.s:2337]  http server Running on http://:9999
2018/12/10 19:29:46.546 [I] [asm_amd64.s:2337]  http server Running on http://:9999
2018/12/10 19:30:34.912 [I] [asm_amd64.s:2337]  http server Running on http://:9999
2018/12/10 19:30:40.578 [I] [asm_amd64.s:2337]  http server Running on http://:9999
2018/12/10 19:30:53.900 [I] [asm_amd64.s:2337]  http server Running on http://:9999
2018/12/10 19:31:00.361 [I] [asm_amd64.s:2337]  http server Running on http://:9999
2018/12/10 19:31:08.791 [I] [asm_amd64.s:2337]  http server Running on http://:9999
2018/12/10 19:31:14.838 [I] [asm_amd64.s:2337]  http server Running on http://:9999
2018/12/10 19:31:19.566 [I] [asm_amd64.s:2337]  http server Running on http://:9999
2018/12/10 19:31:24.539 [I] [asm_amd64.s:2337]  http server Running on http://:9999
2018/12/10 19:31:39.135 [I] [asm_amd64.s:2337]  http server Running on http://:9999
2018/12/10 19:33:07.132 [I] [asm_amd64.s:2337]  http server Running on http://:9999
2018/12/10 19:35:24.344 [I] [asm_amd64.s:2337]  http server Running on http://:9999
2018/12/10 19:37:47.919 [I] [asm_amd64.s:2337]  http server Running on http://:9999
2018/12/10 19:37:53.129 [I] [asm_amd64.s:2337]  http server Running on http://:9999
2018/12/10 19:37:56.151 [I] [asm_amd64.s:2337]  http server Running on http://:9999
2018/12/10 19:38:31.841 [I] [asm_amd64.s:2337]  http server Running on http://:9999
2018/12/10 19:38:38.099 [I] [asm_amd64.s:2337]  http server Running on http://:9999
2018/12/10 19:38:46.270 [I] [asm_amd64.s:2337]  http server Running on http://:9999
2018/12/10 19:38:51.764 [I] [asm_amd64.s:2337]  http server Running on http://:9999
2018/12/10 19:39:25.145 [I] [asm_amd64.s:2337]  http server Running on http://:9999
2018/12/10 19:39:30.438 [I] [asm_amd64.s:2337]  http server Running on http://:9999
2018/12/10 19:39:33.723 [I] [asm_amd64.s:2337]  http server Running on http://:9999
2018/12/10 19:39:51.543 [I] [asm_amd64.s:2337]  http server Running on http://:9999
2018/12/10 19:39:57.095 [I] [asm_amd64.s:2337]  http server Running on http://:9999
2018/12/10 19:40:10.217 [I] [asm_amd64.s:2337]  http server Running on http://:9999
2018/12/10 19:42:00.961 [I] [asm_amd64.s:2337]  http server Running on http://:9999
2018/12/10 19:42:03.958 [I] [asm_amd64.s:2337]  http server Running on http://:9999
2018/12/10 19:42:35.128 [I] [asm_amd64.s:2337]  http server Running on http://:9999
2018/12/10 19:42:40.008 [I] [asm_amd64.s:2337]  http server Running on http://:9999
2018/12/10 19:42:50.313 [I] [asm_amd64.s:2337]  http server Running on http://:9999
2018/12/10 19:43:44.550 [I] [asm_amd64.s:2337]  http server Running on http://:9999
2018/12/10 19:43:51.577 [I] [asm_amd64.s:2337]  http server Running on http://:9999
2018/12/10 19:48:13.034 [I] [asm_amd64.s:2337]  http server Running on http://:9999
2018/12/10 07:49:20.576 [I] [asm_amd64.s:1333]  http server Running on http://:9999
2018/12/10 07:49:21.998 [I] [asm_amd64.s:1333]  http server Running on http://:9999
2018/12/10 07:49:23.413 [I] [asm_amd64.s:1333]  http server Running on http://:9999
2018/12/10 07:49:24.807 [I] [asm_amd64.s:1333]  http server Running on http://:9999
2018/12/10 07:49:26.208 [I] [asm_amd64.s:1333]  http server Running on http://:9999
2018/12/10 07:49:27.618 [I] [asm_amd64.s:1333]  http server Running on http://:9999
2018/12/10 07:49:29.066 [I] [asm_amd64.s:1333]  http server Running on http://:9999
2018/12/10 07:49:30.471 [I] [asm_amd64.s:1333]  http server Running on http://:9999
2018/12/10 19:51:59.811 [I] [asm_amd64.s:1333]  http server Running on http://:9999
2018/12/10 19:52:06.490 [D] [server.go:2741]  |            ::1|[43m 404 [0m|    294.373µs| nomatch|[44m GET     [0m /  
2018/12/10 19:52:06.559 [D] [server.go:2741]  |            ::1|[43m 404 [0m|    249.439µs| nomatch|[44m GET     [0m /favicon.ico
